<?xml version="1.0" encoding="UTF-8"?>
<!-- Generated by org.testng.reporters.JUnitReportReporter -->
<testsuite hostname="Hari" failures="0" tests="1" name="org.Adactin.AdactinBase" time="2.737" errors="0" timestamp="2024-05-11T14:40:44 IST" skipped="0">
  <testcase classname="org.Adactin.AdactinBase" name="SearchHotel1" time="2.737"/>
</testsuite> <!-- org.Adactin.AdactinBase -->
